#-----------------------------------------------------------
# Vivado v2018.3 (64-bit)
# SW Build 2405991 on Thu Dec  6 23:38:27 MST 2018
# IP Build 2404404 on Fri Dec  7 01:43:56 MST 2018
# Start of session at: Tue Dec  3 22:31:05 2019
# Process ID: 39348
# Current directory: C:/vivado/one-cycle-cpu
# Command line: vivado.exe -gui_launcher_event rodinguilauncherevent2212 C:\vivado\one-cycle-cpu\one-cycle-cpu.xpr
# Log file: C:/vivado/one-cycle-cpu/vivado.log
# Journal file: C:/vivado/one-cycle-cpu\vivado.jou
#-----------------------------------------------------------
start_gui
open_project C:/vivado/one-cycle-cpu/one-cycle-cpu.xpr
Scanning sources...
Finished scanning sources
INFO: [IP_Flow 19-234] Refreshing IP repositories
INFO: [IP_Flow 19-1704] No user IP repositories specified
INFO: [IP_Flow 19-2313] Loaded Vivado IP repository 'C:/Xilinx/Vivado/2018.3/data/ip'.
open_project: Time (s): cpu = 00:00:19 ; elapsed = 00:00:11 . Memory (MB): peak = 794.227 ; gain = 176.457
update_compile_order -fileset sources_1
eexit
INFO: [Common 17-206] Exiting Vivado at Wed Dec  4 21:15:03 2019...
